[ 2014-05-28T00:01:24+08:00 ] 0.0.0.0 /zendStudio/edian/index.php/Admin/Account/accountSettingView.html
INFO: [ route_check ] --START--
INFO: CheckRoute Behavior ::run [ RunTime:0.001497s ]
INFO: [ route_check ] --END-- [ RunTime:0.001608s ]
INFO: [ app_begin ] --START--
INFO: ReadHtmlCache Behavior ::run [ RunTime:0.001283s ]
INFO: [ app_begin ] --END-- [ RunTime:0.001409s ]
INFO: [ view_parse ] --START--
INFO: ParseTemplate Behavior ::run [ RunTime:0.008934s ]
INFO: [ view_parse ] --END-- [ RunTime:0.009065s ]
INFO: [ view_filter ] --START--
INFO: ContentReplace Behavior ::run [ RunTime:0.000619s ]
INFO: TokenBuild Behavior ::run [ RunTime:0.000519s ]
INFO: WriteHtmlCache Behavior ::run [ RunTime:0.000434s ]
INFO: ShowRuntime Behavior ::run [ RunTime:0.000549s ]
INFO: [ view_filter ] --END-- [ RunTime:0.002281s ]
INFO: [ view_end ] --START--
INFO: ShowPageTrace Behavior ::run [ RunTime:0.000658s ]
INFO: [ view_end ] --END-- [ RunTime:0.000711s ]

[ 2014-05-28T00:03:02+08:00 ] 0.0.0.0 /zendStudio/edian/index.php/Admin/Alter/alterProductView.html
INFO: [ route_check ] --START--
INFO: CheckRoute Behavior ::run [ RunTime:0.001143s ]
INFO: [ route_check ] --END-- [ RunTime:0.001239s ]
INFO: [ app_begin ] --START--
INFO: ReadHtmlCache Behavior ::run [ RunTime:0.000835s ]
INFO: [ app_begin ] --END-- [ RunTime:0.000929s ]
SQL: SHOW COLUMNS FROM `edian_product` [ RunTime:0.041168s ]
NOTIC: [8] Undefined variable: map I:\phpStudy\WWW\zendStudio\edian\Index\Lib\Action\Admin\AlterAction.class.php 第 15 行.
SQL: SELECT COUNT(*) AS tp_count FROM `edian_product` LIMIT 1   [ RunTime:0.000845s ]
NOTIC: [8] Undefined variable: map I:\phpStudy\WWW\zendStudio\edian\Index\Lib\Action\Admin\AlterAction.class.php 第 25 行.
NOTIC: [8] Undefined offset: 0 I:\phpStudy\WWW\zendStudio\edian\ThinkPHP\Lib\Core\Model.class.php 第 234 行.
SQL: SELECT * FROM `edian_product` LIMIT 0,2   [ RunTime:0.000692s ]
INFO: [ view_parse ] --START--
INFO: ParseTemplate Behavior ::run [ RunTime:0.056974s ]
INFO: [ view_parse ] --END-- [ RunTime:0.057099s ]
INFO: [ view_filter ] --START--
INFO: ContentReplace Behavior ::run [ RunTime:0.001045s ]
INFO: TokenBuild Behavior ::run [ RunTime:0.000786s ]
INFO: WriteHtmlCache Behavior ::run [ RunTime:0.000643s ]
INFO: ShowRuntime Behavior ::run [ RunTime:0.000859s ]
INFO: [ view_filter ] --END-- [ RunTime:0.003522s ]
INFO: [ view_end ] --START--
INFO: ShowPageTrace Behavior ::run [ RunTime:0.001173s ]
INFO: [ view_end ] --END-- [ RunTime:0.001277s ]

[ 2014-05-28T00:03:07+08:00 ] 0.0.0.0 /zendStudio/edian/index.php/Admin/Alter/alterBlogList.html
INFO: [ route_check ] --START--
INFO: CheckRoute Behavior ::run [ RunTime:0.000920s ]
INFO: [ route_check ] --END-- [ RunTime:0.001007s ]
INFO: [ app_begin ] --START--
INFO: ReadHtmlCache Behavior ::run [ RunTime:0.000703s ]
INFO: [ app_begin ] --END-- [ RunTime:0.000770s ]
SQL: SHOW COLUMNS FROM `edian_article` [ RunTime:0.040838s ]
NOTIC: [8] Undefined variable: map I:\phpStudy\WWW\zendStudio\edian\Index\Lib\Action\Admin\AlterAction.class.php 第 66 行.
SQL: SELECT COUNT(*) AS tp_count FROM `edian_article` LIMIT 1   [ RunTime:0.001331s ]
NOTIC: [8] Undefined variable: map I:\phpStudy\WWW\zendStudio\edian\Index\Lib\Action\Admin\AlterAction.class.php 第 76 行.
NOTIC: [8] Undefined offset: 0 I:\phpStudy\WWW\zendStudio\edian\ThinkPHP\Lib\Core\Model.class.php 第 234 行.
SQL: SELECT * FROM `edian_article` LIMIT 0,2   [ RunTime:0.001316s ]
INFO: [ view_parse ] --START--
NOTIC: [8] Undefined index: download_src I:\phpStudy\WWW\zendStudio\edian\Index\Runtime\Cache\Admin\d8a79bfef3868d173778808d87678b9e.php 第 774 行.
NOTIC: [8] Undefined index: download_src I:\phpStudy\WWW\zendStudio\edian\Index\Runtime\Cache\Admin\d8a79bfef3868d173778808d87678b9e.php 第 774 行.
INFO: ParseTemplate Behavior ::run [ RunTime:0.065426s ]
INFO: [ view_parse ] --END-- [ RunTime:0.065602s ]
INFO: [ view_filter ] --START--
INFO: ContentReplace Behavior ::run [ RunTime:0.000888s ]
INFO: TokenBuild Behavior ::run [ RunTime:0.000686s ]
INFO: WriteHtmlCache Behavior ::run [ RunTime:0.000570s ]
INFO: ShowRuntime Behavior ::run [ RunTime:0.000750s ]
INFO: [ view_filter ] --END-- [ RunTime:0.003058s ]
INFO: [ view_end ] --START--
INFO: ShowPageTrace Behavior ::run [ RunTime:0.000950s ]
INFO: [ view_end ] --END-- [ RunTime:0.001052s ]

[ 2014-05-28T00:03:10+08:00 ] 0.0.0.0 /zendStudio/edian/index.php/Admin/Alter/alterFameList.html
INFO: [ route_check ] --START--
INFO: CheckRoute Behavior ::run [ RunTime:0.001113s ]
INFO: [ route_check ] --END-- [ RunTime:0.001216s ]
INFO: [ app_begin ] --START--
INFO: ReadHtmlCache Behavior ::run [ RunTime:0.000774s ]
INFO: [ app_begin ] --END-- [ RunTime:0.000878s ]
SQL: SHOW COLUMNS FROM `edian_fame` [ RunTime:0.035413s ]
NOTIC: [8] Undefined variable: map I:\phpStudy\WWW\zendStudio\edian\Index\Lib\Action\Admin\AlterAction.class.php 第 89 行.
SQL: SELECT COUNT(*) AS tp_count FROM `edian_fame` LIMIT 1   [ RunTime:0.000756s ]
NOTIC: [8] Undefined variable: map I:\phpStudy\WWW\zendStudio\edian\Index\Lib\Action\Admin\AlterAction.class.php 第 99 行.
NOTIC: [8] Undefined offset: 0 I:\phpStudy\WWW\zendStudio\edian\ThinkPHP\Lib\Core\Model.class.php 第 234 行.
SQL: SELECT * FROM `edian_fame` LIMIT 0,2   [ RunTime:0.000654s ]
INFO: [ view_parse ] --START--
INFO: ParseTemplate Behavior ::run [ RunTime:0.053739s ]
INFO: [ view_parse ] --END-- [ RunTime:0.053936s ]
INFO: [ view_filter ] --START--
INFO: ContentReplace Behavior ::run [ RunTime:0.000741s ]
INFO: TokenBuild Behavior ::run [ RunTime:0.000653s ]
INFO: WriteHtmlCache Behavior ::run [ RunTime:0.000483s ]
INFO: ShowRuntime Behavior ::run [ RunTime:0.000596s ]
INFO: [ view_filter ] --END-- [ RunTime:0.002668s ]
INFO: [ view_end ] --START--
INFO: ShowPageTrace Behavior ::run [ RunTime:0.000772s ]
INFO: [ view_end ] --END-- [ RunTime:0.000869s ]

[ 2014-05-28T00:03:13+08:00 ] 0.0.0.0 /zendStudio/edian/index.php/Admin/Admin/admin.html
INFO: [ route_check ] --START--
INFO: CheckRoute Behavior ::run [ RunTime:0.000767s ]
INFO: [ route_check ] --END-- [ RunTime:0.000847s ]
INFO: [ app_begin ] --START--
INFO: ReadHtmlCache Behavior ::run [ RunTime:0.000592s ]
INFO: [ app_begin ] --END-- [ RunTime:0.000658s ]
INFO: [ view_parse ] --START--
INFO: ParseTemplate Behavior ::run [ RunTime:0.032134s ]
INFO: [ view_parse ] --END-- [ RunTime:0.032211s ]
INFO: [ view_filter ] --START--
INFO: ContentReplace Behavior ::run [ RunTime:0.000668s ]
INFO: TokenBuild Behavior ::run [ RunTime:0.000466s ]
INFO: WriteHtmlCache Behavior ::run [ RunTime:0.000360s ]
INFO: ShowRuntime Behavior ::run [ RunTime:0.000506s ]
INFO: [ view_filter ] --END-- [ RunTime:0.002161s ]
INFO: [ view_end ] --START--
INFO: ShowPageTrace Behavior ::run [ RunTime:0.000715s ]
INFO: [ view_end ] --END-- [ RunTime:0.000793s ]

[ 2014-05-28T00:03:23+08:00 ] 0.0.0.0 /zendStudio/edian/index.php/Admin/Account/accountSettingView.html
INFO: [ route_check ] --START--
INFO: CheckRoute Behavior ::run [ RunTime:0.001113s ]
INFO: [ route_check ] --END-- [ RunTime:0.001220s ]
INFO: [ app_begin ] --START--
INFO: ReadHtmlCache Behavior ::run [ RunTime:0.000719s ]
INFO: [ app_begin ] --END-- [ RunTime:0.000808s ]
INFO: [ view_parse ] --START--
INFO: ParseTemplate Behavior ::run [ RunTime:0.007236s ]
INFO: [ view_parse ] --END-- [ RunTime:0.007323s ]
INFO: [ view_filter ] --START--
INFO: ContentReplace Behavior ::run [ RunTime:0.000505s ]
INFO: TokenBuild Behavior ::run [ RunTime:0.000467s ]
INFO: WriteHtmlCache Behavior ::run [ RunTime:0.000411s ]
INFO: ShowRuntime Behavior ::run [ RunTime:0.000554s ]
INFO: [ view_filter ] --END-- [ RunTime:0.002080s ]
INFO: [ view_end ] --START--
INFO: ShowPageTrace Behavior ::run [ RunTime:0.000665s ]
INFO: [ view_end ] --END-- [ RunTime:0.000718s ]

[ 2014-05-28T00:03:36+08:00 ] 0.0.0.0 /zendStudio/edian/index.php/Admin/Admin/addProductView.html
INFO: [ route_check ] --START--
INFO: CheckRoute Behavior ::run [ RunTime:0.000916s ]
INFO: [ route_check ] --END-- [ RunTime:0.001006s ]
INFO: [ app_begin ] --START--
INFO: ReadHtmlCache Behavior ::run [ RunTime:0.000644s ]
INFO: [ app_begin ] --END-- [ RunTime:0.000716s ]
INFO: [ view_parse ] --START--
INFO: ParseTemplate Behavior ::run [ RunTime:0.045096s ]
INFO: [ view_parse ] --END-- [ RunTime:0.045182s ]
INFO: [ view_filter ] --START--
INFO: ContentReplace Behavior ::run [ RunTime:0.000818s ]
INFO: TokenBuild Behavior ::run [ RunTime:0.000463s ]
INFO: WriteHtmlCache Behavior ::run [ RunTime:0.000320s ]
INFO: ShowRuntime Behavior ::run [ RunTime:0.000527s ]
INFO: [ view_filter ] --END-- [ RunTime:0.002284s ]
INFO: [ view_end ] --START--
INFO: ShowPageTrace Behavior ::run [ RunTime:0.000738s ]
INFO: [ view_end ] --END-- [ RunTime:0.000842s ]

[ 2014-05-28T00:03:40+08:00 ] 0.0.0.0 /zendStudio/edian/index.php/Admin/Admin/tables.html
INFO: [ route_check ] --START--
INFO: CheckRoute Behavior ::run [ RunTime:0.000840s ]
INFO: [ route_check ] --END-- [ RunTime:0.000975s ]
INFO: [ app_begin ] --START--
INFO: ReadHtmlCache Behavior ::run [ RunTime:0.001044s ]
INFO: [ app_begin ] --END-- [ RunTime:0.001198s ]
ERR: 非法操作:tables

[ 2014-05-28T00:03:44+08:00 ] 0.0.0.0 /zendStudio/edian/index.php/Admin/Admin/index.html
INFO: [ route_check ] --START--
INFO: CheckRoute Behavior ::run [ RunTime:0.000936s ]
INFO: [ route_check ] --END-- [ RunTime:0.001048s ]
INFO: [ app_begin ] --START--
INFO: ReadHtmlCache Behavior ::run [ RunTime:0.000641s ]
INFO: [ app_begin ] --END-- [ RunTime:0.000725s ]
ERR: 非法操作:index

[ 2014-05-28T00:03:48+08:00 ] 0.0.0.0 /zendStudio/edian/index.php/Admin/Admin/index.html
INFO: [ route_check ] --START--
INFO: CheckRoute Behavior ::run [ RunTime:0.000851s ]
INFO: [ route_check ] --END-- [ RunTime:0.000945s ]
INFO: [ app_begin ] --START--
INFO: ReadHtmlCache Behavior ::run [ RunTime:0.000675s ]
INFO: [ app_begin ] --END-- [ RunTime:0.000751s ]
ERR: 非法操作:index

[ 2014-05-28T00:03:53+08:00 ] 0.0.0.0 /zendStudio/edian/index.php/Admin/Admin/admin.html
INFO: [ route_check ] --START--
INFO: CheckRoute Behavior ::run [ RunTime:0.001012s ]
INFO: [ route_check ] --END-- [ RunTime:0.001130s ]
INFO: [ app_begin ] --START--
INFO: ReadHtmlCache Behavior ::run [ RunTime:0.000625s ]
INFO: [ app_begin ] --END-- [ RunTime:0.000699s ]
INFO: [ view_parse ] --START--
INFO: ParseTemplate Behavior ::run [ RunTime:0.035929s ]
INFO: [ view_parse ] --END-- [ RunTime:0.036018s ]
INFO: [ view_filter ] --START--
INFO: ContentReplace Behavior ::run [ RunTime:0.000651s ]
INFO: TokenBuild Behavior ::run [ RunTime:0.000465s ]
INFO: WriteHtmlCache Behavior ::run [ RunTime:0.000320s ]
INFO: ShowRuntime Behavior ::run [ RunTime:0.000519s ]
INFO: [ view_filter ] --END-- [ RunTime:0.002115s ]
INFO: [ view_end ] --START--
INFO: ShowPageTrace Behavior ::run [ RunTime:0.000741s ]
INFO: [ view_end ] --END-- [ RunTime:0.000822s ]

[ 2014-05-28T00:04:00+08:00 ] 0.0.0.0 /zendStudio/edian/index.php/Admin/Alter/alterProductView.html
INFO: [ route_check ] --START--
INFO: CheckRoute Behavior ::run [ RunTime:0.001180s ]
INFO: [ route_check ] --END-- [ RunTime:0.001298s ]
INFO: [ app_begin ] --START--
INFO: ReadHtmlCache Behavior ::run [ RunTime:0.001012s ]
INFO: [ app_begin ] --END-- [ RunTime:0.001115s ]
SQL: SHOW COLUMNS FROM `edian_product` [ RunTime:0.048351s ]
NOTIC: [8] Undefined variable: map I:\phpStudy\WWW\zendStudio\edian\Index\Lib\Action\Admin\AlterAction.class.php 第 15 行.
SQL: SELECT COUNT(*) AS tp_count FROM `edian_product` LIMIT 1   [ RunTime:0.000769s ]
NOTIC: [8] Undefined variable: map I:\phpStudy\WWW\zendStudio\edian\Index\Lib\Action\Admin\AlterAction.class.php 第 25 行.
NOTIC: [8] Undefined offset: 0 I:\phpStudy\WWW\zendStudio\edian\ThinkPHP\Lib\Core\Model.class.php 第 234 行.
SQL: SELECT * FROM `edian_product` LIMIT 0,2   [ RunTime:0.000534s ]
INFO: [ view_parse ] --START--
INFO: ParseTemplate Behavior ::run [ RunTime:0.054149s ]
INFO: [ view_parse ] --END-- [ RunTime:0.054256s ]
INFO: [ view_filter ] --START--
INFO: ContentReplace Behavior ::run [ RunTime:0.000720s ]
INFO: TokenBuild Behavior ::run [ RunTime:0.000516s ]
INFO: WriteHtmlCache Behavior ::run [ RunTime:0.000414s ]
INFO: ShowRuntime Behavior ::run [ RunTime:0.000558s ]
INFO: [ view_filter ] --END-- [ RunTime:0.002358s ]
INFO: [ view_end ] --START--
INFO: ShowPageTrace Behavior ::run [ RunTime:0.001180s ]
INFO: [ view_end ] --END-- [ RunTime:0.001289s ]

[ 2014-05-28T00:16:42+08:00 ] 0.0.0.0 /zendStudio/edian/index.php/Admin/Alter/alterBlogList.html
INFO: [ route_check ] --START--
INFO: CheckRoute Behavior ::run [ RunTime:0.001260s ]
INFO: [ route_check ] --END-- [ RunTime:0.001367s ]
INFO: [ app_begin ] --START--
INFO: ReadHtmlCache Behavior ::run [ RunTime:0.000984s ]
INFO: [ app_begin ] --END-- [ RunTime:0.001139s ]
SQL: SHOW COLUMNS FROM `edian_article` [ RunTime:0.061070s ]
NOTIC: [8] Undefined variable: map I:\phpStudy\WWW\zendStudio\edian\Index\Lib\Action\Admin\AlterAction.class.php 第 66 行.
SQL: SELECT COUNT(*) AS tp_count FROM `edian_article` LIMIT 1   [ RunTime:0.001396s ]
NOTIC: [8] Undefined variable: map I:\phpStudy\WWW\zendStudio\edian\Index\Lib\Action\Admin\AlterAction.class.php 第 76 行.
NOTIC: [8] Undefined offset: 0 I:\phpStudy\WWW\zendStudio\edian\ThinkPHP\Lib\Core\Model.class.php 第 234 行.
SQL: SELECT * FROM `edian_article` LIMIT 0,2   [ RunTime:0.001400s ]
INFO: [ view_parse ] --START--
NOTIC: [8] Undefined index: download_src I:\phpStudy\WWW\zendStudio\edian\Index\Runtime\Cache\Admin\d8a79bfef3868d173778808d87678b9e.php 第 774 行.
NOTIC: [8] Undefined index: download_src I:\phpStudy\WWW\zendStudio\edian\Index\Runtime\Cache\Admin\d8a79bfef3868d173778808d87678b9e.php 第 774 行.
INFO: ParseTemplate Behavior ::run [ RunTime:0.219313s ]
INFO: [ view_parse ] --END-- [ RunTime:0.219507s ]
INFO: [ view_filter ] --START--
INFO: ContentReplace Behavior ::run [ RunTime:0.001943s ]
INFO: TokenBuild Behavior ::run [ RunTime:0.001686s ]
INFO: WriteHtmlCache Behavior ::run [ RunTime:0.001278s ]
INFO: ShowRuntime Behavior ::run [ RunTime:0.001478s ]
INFO: [ view_filter ] --END-- [ RunTime:0.006835s ]
INFO: [ view_end ] --START--
INFO: ShowPageTrace Behavior ::run [ RunTime:0.002163s ]
INFO: [ view_end ] --END-- [ RunTime:0.002441s ]

[ 2014-05-28T00:16:52+08:00 ] 0.0.0.0 /zendStudio/edian/index.php/Admin/Alter/alterFameList.html
INFO: [ route_check ] --START--
INFO: CheckRoute Behavior ::run [ RunTime:0.000982s ]
INFO: [ route_check ] --END-- [ RunTime:0.001085s ]
INFO: [ app_begin ] --START--
INFO: ReadHtmlCache Behavior ::run [ RunTime:0.000638s ]
INFO: [ app_begin ] --END-- [ RunTime:0.000702s ]
SQL: SHOW COLUMNS FROM `edian_fame` [ RunTime:0.037924s ]
NOTIC: [8] Undefined variable: map I:\phpStudy\WWW\zendStudio\edian\Index\Lib\Action\Admin\AlterAction.class.php 第 89 行.
SQL: SELECT COUNT(*) AS tp_count FROM `edian_fame` LIMIT 1   [ RunTime:0.000704s ]
NOTIC: [8] Undefined variable: map I:\phpStudy\WWW\zendStudio\edian\Index\Lib\Action\Admin\AlterAction.class.php 第 99 行.
NOTIC: [8] Undefined offset: 0 I:\phpStudy\WWW\zendStudio\edian\ThinkPHP\Lib\Core\Model.class.php 第 234 行.
SQL: SELECT * FROM `edian_fame` LIMIT 0,2   [ RunTime:0.000375s ]
INFO: [ view_parse ] --START--
INFO: ParseTemplate Behavior ::run [ RunTime:0.138862s ]
INFO: [ view_parse ] --END-- [ RunTime:0.138969s ]
INFO: [ view_filter ] --START--
INFO: ContentReplace Behavior ::run [ RunTime:0.000946s ]
INFO: TokenBuild Behavior ::run [ RunTime:0.000627s ]
INFO: WriteHtmlCache Behavior ::run [ RunTime:0.000381s ]
INFO: ShowRuntime Behavior ::run [ RunTime:0.000565s ]
INFO: [ view_filter ] --END-- [ RunTime:0.002699s ]
INFO: [ view_end ] --START--
INFO: ShowPageTrace Behavior ::run [ RunTime:0.000880s ]
INFO: [ view_end ] --END-- [ RunTime:0.000976s ]

[ 2014-05-28T00:17:03+08:00 ] 0.0.0.0 /zendStudio/edian/index.php/Admin/Alter/deleteFame.html
INFO: [ route_check ] --START--
INFO: CheckRoute Behavior ::run [ RunTime:0.001538s ]
INFO: [ route_check ] --END-- [ RunTime:0.001684s ]
INFO: [ app_begin ] --START--
INFO: ReadHtmlCache Behavior ::run [ RunTime:0.000611s ]
INFO: [ app_begin ] --END-- [ RunTime:0.000699s ]
SQL: SHOW COLUMNS FROM `edian_fame` [ RunTime:0.043105s ]
NOTIC: [8] Use of undefined constant id - assumed 'id' I:\phpStudy\WWW\zendStudio\edian\Index\Lib\Action\Admin\AlterAction.class.php 第 169 行.
SQL: DELETE FROM `edian_fame` WHERE ( id=20 ) [ RunTime:0.023475s ]

[ 2014-05-28T00:17:09+08:00 ] 0.0.0.0 /zendStudio/edian/index.php/Admin/Alter/alterFameList.html
INFO: [ route_check ] --START--
INFO: CheckRoute Behavior ::run [ RunTime:0.001012s ]
INFO: [ route_check ] --END-- [ RunTime:0.001101s ]
INFO: [ app_begin ] --START--
INFO: ReadHtmlCache Behavior ::run [ RunTime:0.000704s ]
INFO: [ app_begin ] --END-- [ RunTime:0.000776s ]
SQL: SHOW COLUMNS FROM `edian_fame` [ RunTime:0.030996s ]
NOTIC: [8] Undefined variable: map I:\phpStudy\WWW\zendStudio\edian\Index\Lib\Action\Admin\AlterAction.class.php 第 89 行.
SQL: SELECT COUNT(*) AS tp_count FROM `edian_fame` LIMIT 1   [ RunTime:0.000746s ]
NOTIC: [8] Undefined variable: map I:\phpStudy\WWW\zendStudio\edian\Index\Lib\Action\Admin\AlterAction.class.php 第 99 行.
NOTIC: [8] Undefined offset: 0 I:\phpStudy\WWW\zendStudio\edian\ThinkPHP\Lib\Core\Model.class.php 第 234 行.
SQL: SELECT * FROM `edian_fame` LIMIT 0,2   [ RunTime:0.000596s ]
INFO: [ view_parse ] --START--
INFO: ParseTemplate Behavior ::run [ RunTime:0.057545s ]
INFO: [ view_parse ] --END-- [ RunTime:0.057684s ]
INFO: [ view_filter ] --START--
INFO: ContentReplace Behavior ::run [ RunTime:0.001352s ]
INFO: TokenBuild Behavior ::run [ RunTime:0.000710s ]
INFO: WriteHtmlCache Behavior ::run [ RunTime:0.000569s ]
INFO: ShowRuntime Behavior ::run [ RunTime:0.000636s ]
INFO: [ view_filter ] --END-- [ RunTime:0.003464s ]
INFO: [ view_end ] --START--
INFO: ShowPageTrace Behavior ::run [ RunTime:0.000895s ]
INFO: [ view_end ] --END-- [ RunTime:0.000990s ]

[ 2014-05-28T00:18:25+08:00 ] 0.0.0.0 /zendStudio/edian/index.php/Admin/Admin/admin.html
INFO: [ route_check ] --START--
INFO: CheckRoute Behavior ::run [ RunTime:0.000881s ]
INFO: [ route_check ] --END-- [ RunTime:0.000964s ]
INFO: [ app_begin ] --START--
INFO: ReadHtmlCache Behavior ::run [ RunTime:0.000612s ]
INFO: [ app_begin ] --END-- [ RunTime:0.000673s ]
INFO: [ view_parse ] --START--
INFO: ParseTemplate Behavior ::run [ RunTime:0.271743s ]
INFO: [ view_parse ] --END-- [ RunTime:0.271849s ]
INFO: [ view_filter ] --START--
INFO: ContentReplace Behavior ::run [ RunTime:0.001146s ]
INFO: TokenBuild Behavior ::run [ RunTime:0.000918s ]
INFO: WriteHtmlCache Behavior ::run [ RunTime:0.000852s ]
INFO: ShowRuntime Behavior ::run [ RunTime:0.001065s ]
INFO: [ view_filter ] --END-- [ RunTime:0.004274s ]
INFO: [ view_end ] --START--
INFO: ShowPageTrace Behavior ::run [ RunTime:0.002837s ]
INFO: [ view_end ] --END-- [ RunTime:0.003084s ]

[ 2014-05-28T00:18:28+08:00 ] 0.0.0.0 /zendStudio/edian/index.php/Admin/Account/accountSettingView.html
INFO: [ route_check ] --START--
INFO: CheckRoute Behavior ::run [ RunTime:0.000950s ]
INFO: [ route_check ] --END-- [ RunTime:0.001070s ]
INFO: [ app_begin ] --START--
INFO: ReadHtmlCache Behavior ::run [ RunTime:0.000884s ]
INFO: [ app_begin ] --END-- [ RunTime:0.001025s ]
INFO: [ view_parse ] --START--
INFO: ParseTemplate Behavior ::run [ RunTime:0.009196s ]
INFO: [ view_parse ] --END-- [ RunTime:0.009326s ]
INFO: [ view_filter ] --START--
INFO: ContentReplace Behavior ::run [ RunTime:0.000604s ]
INFO: TokenBuild Behavior ::run [ RunTime:0.000412s ]
INFO: WriteHtmlCache Behavior ::run [ RunTime:0.000300s ]
INFO: ShowRuntime Behavior ::run [ RunTime:0.000443s ]
INFO: [ view_filter ] --END-- [ RunTime:0.001915s ]
INFO: [ view_end ] --START--
INFO: ShowPageTrace Behavior ::run [ RunTime:0.000555s ]
INFO: [ view_end ] --END-- [ RunTime:0.000609s ]

[ 2014-05-28T00:18:31+08:00 ] 0.0.0.0 /zendStudio/edian/index.php/Admin/Account/accountSettingView.html
INFO: [ route_check ] --START--
INFO: CheckRoute Behavior ::run [ RunTime:0.000744s ]
INFO: [ route_check ] --END-- [ RunTime:0.000825s ]
INFO: [ app_begin ] --START--
INFO: ReadHtmlCache Behavior ::run [ RunTime:0.000515s ]
INFO: [ app_begin ] --END-- [ RunTime:0.000574s ]
INFO: [ view_parse ] --START--
INFO: ParseTemplate Behavior ::run [ RunTime:0.006547s ]
INFO: [ view_parse ] --END-- [ RunTime:0.006631s ]
INFO: [ view_filter ] --START--
INFO: ContentReplace Behavior ::run [ RunTime:0.000483s ]
INFO: TokenBuild Behavior ::run [ RunTime:0.000384s ]
INFO: WriteHtmlCache Behavior ::run [ RunTime:0.000389s ]
INFO: ShowRuntime Behavior ::run [ RunTime:0.000570s ]
INFO: [ view_filter ] --END-- [ RunTime:0.002012s ]
INFO: [ view_end ] --START--
INFO: ShowPageTrace Behavior ::run [ RunTime:0.001115s ]
INFO: [ view_end ] --END-- [ RunTime:0.001217s ]

[ 2014-05-28T00:18:32+08:00 ] 0.0.0.0 /zendStudio/edian/index.php/Admin/Account/accountSettingView.html
INFO: [ route_check ] --START--
INFO: CheckRoute Behavior ::run [ RunTime:0.000726s ]
INFO: [ route_check ] --END-- [ RunTime:0.000812s ]
INFO: [ app_begin ] --START--
INFO: ReadHtmlCache Behavior ::run [ RunTime:0.000515s ]
INFO: [ app_begin ] --END-- [ RunTime:0.000575s ]
INFO: [ view_parse ] --START--
INFO: ParseTemplate Behavior ::run [ RunTime:0.006449s ]
INFO: [ view_parse ] --END-- [ RunTime:0.006541s ]
INFO: [ view_filter ] --START--
INFO: ContentReplace Behavior ::run [ RunTime:0.000510s ]
INFO: TokenBuild Behavior ::run [ RunTime:0.000413s ]
INFO: WriteHtmlCache Behavior ::run [ RunTime:0.000328s ]
INFO: ShowRuntime Behavior ::run [ RunTime:0.000460s ]
INFO: [ view_filter ] --END-- [ RunTime:0.001862s ]
INFO: [ view_end ] --START--
INFO: ShowPageTrace Behavior ::run [ RunTime:0.000593s ]
INFO: [ view_end ] --END-- [ RunTime:0.000657s ]

[ 2014-05-28T00:18:59+08:00 ] 0.0.0.0 /zendStudio/edian/index.php/Admin/Admin/admin.html
INFO: [ route_check ] --START--
INFO: CheckRoute Behavior ::run [ RunTime:0.001033s ]
INFO: [ route_check ] --END-- [ RunTime:0.001128s ]
INFO: [ app_begin ] --START--
INFO: ReadHtmlCache Behavior ::run [ RunTime:0.000740s ]
INFO: [ app_begin ] --END-- [ RunTime:0.000813s ]
INFO: [ view_parse ] --START--
INFO: ParseTemplate Behavior ::run [ RunTime:0.033531s ]
INFO: [ view_parse ] --END-- [ RunTime:0.033612s ]
INFO: [ view_filter ] --START--
INFO: ContentReplace Behavior ::run [ RunTime:0.000756s ]
INFO: TokenBuild Behavior ::run [ RunTime:0.000580s ]
INFO: WriteHtmlCache Behavior ::run [ RunTime:0.000498s ]
INFO: ShowRuntime Behavior ::run [ RunTime:0.000644s ]
INFO: [ view_filter ] --END-- [ RunTime:0.002643s ]
INFO: [ view_end ] --START--
INFO: ShowPageTrace Behavior ::run [ RunTime:0.001002s ]
INFO: [ view_end ] --END-- [ RunTime:0.001104s ]

[ 2014-05-28T00:19:01+08:00 ] 0.0.0.0 /zendStudio/edian/index.php/Admin/Account/accountSettingView.html
INFO: [ route_check ] --START--
INFO: CheckRoute Behavior ::run [ RunTime:0.000809s ]
INFO: [ route_check ] --END-- [ RunTime:0.000898s ]
INFO: [ app_begin ] --START--
INFO: ReadHtmlCache Behavior ::run [ RunTime:0.000589s ]
INFO: [ app_begin ] --END-- [ RunTime:0.000660s ]
INFO: [ view_parse ] --START--
NOTIC: [8] Undefined variable: list I:\phpStudy\WWW\zendStudio\edian\Index\Runtime\Cache\Admin\491e1a065f9e123e2267e7ef7c8b1343.php 第 752 行.
NOTIC: [8] Undefined variable: pageCount I:\phpStudy\WWW\zendStudio\edian\Index\Runtime\Cache\Admin\491e1a065f9e123e2267e7ef7c8b1343.php 第 831 行.
INFO: ParseTemplate Behavior ::run [ RunTime:0.043670s ]
INFO: [ view_parse ] --END-- [ RunTime:0.043755s ]
INFO: [ view_filter ] --START--
INFO: ContentReplace Behavior ::run [ RunTime:0.000663s ]
INFO: TokenBuild Behavior ::run [ RunTime:0.000428s ]
INFO: WriteHtmlCache Behavior ::run [ RunTime:0.000349s ]
INFO: ShowRuntime Behavior ::run [ RunTime:0.000472s ]
INFO: [ view_filter ] --END-- [ RunTime:0.002058s ]
INFO: [ view_end ] --START--
INFO: ShowPageTrace Behavior ::run [ RunTime:0.000852s ]
INFO: [ view_end ] --END-- [ RunTime:0.000989s ]

[ 2014-05-28T00:19:26+08:00 ] 0.0.0.0 /zendStudio/edian/index.php/Admin/Account/accountSettingView.html
INFO: [ route_check ] --START--
INFO: CheckRoute Behavior ::run [ RunTime:0.000886s ]
INFO: [ route_check ] --END-- [ RunTime:0.000971s ]
INFO: [ app_begin ] --START--
INFO: ReadHtmlCache Behavior ::run [ RunTime:0.000610s ]
INFO: [ app_begin ] --END-- [ RunTime:0.000678s ]
INFO: [ view_parse ] --START--
NOTIC: [8] Undefined variable: list I:\phpStudy\WWW\zendStudio\edian\Index\Runtime\Cache\Admin\491e1a065f9e123e2267e7ef7c8b1343.php 第 752 行.
NOTIC: [8] Undefined variable: pageCount I:\phpStudy\WWW\zendStudio\edian\Index\Runtime\Cache\Admin\491e1a065f9e123e2267e7ef7c8b1343.php 第 831 行.
INFO: ParseTemplate Behavior ::run [ RunTime:0.047214s ]
INFO: [ view_parse ] --END-- [ RunTime:0.047301s ]
INFO: [ view_filter ] --START--
INFO: ContentReplace Behavior ::run [ RunTime:0.001056s ]
INFO: TokenBuild Behavior ::run [ RunTime:0.000811s ]
INFO: WriteHtmlCache Behavior ::run [ RunTime:0.000577s ]
INFO: ShowRuntime Behavior ::run [ RunTime:0.000837s ]
INFO: [ view_filter ] --END-- [ RunTime:0.004104s ]
INFO: [ view_end ] --START--
INFO: ShowPageTrace Behavior ::run [ RunTime:0.001277s ]
INFO: [ view_end ] --END-- [ RunTime:0.001773s ]

[ 2014-05-28T00:19:40+08:00 ] 0.0.0.0 /zendStudio/edian/index.php/Admin/Admin/admin.html
INFO: [ route_check ] --START--
INFO: CheckRoute Behavior ::run [ RunTime:0.001136s ]
INFO: [ route_check ] --END-- [ RunTime:0.001243s ]
INFO: [ app_begin ] --START--
INFO: ReadHtmlCache Behavior ::run [ RunTime:0.000798s ]
INFO: [ app_begin ] --END-- [ RunTime:0.000913s ]
INFO: [ view_parse ] --START--
INFO: ParseTemplate Behavior ::run [ RunTime:0.052869s ]
INFO: [ view_parse ] --END-- [ RunTime:0.052980s ]
INFO: [ view_filter ] --START--
INFO: ContentReplace Behavior ::run [ RunTime:0.000991s ]
INFO: TokenBuild Behavior ::run [ RunTime:0.000733s ]
INFO: WriteHtmlCache Behavior ::run [ RunTime:0.000546s ]
INFO: ShowRuntime Behavior ::run [ RunTime:0.000718s ]
INFO: [ view_filter ] --END-- [ RunTime:0.003212s ]
INFO: [ view_end ] --START--
INFO: ShowPageTrace Behavior ::run [ RunTime:0.002659s ]
INFO: [ view_end ] --END-- [ RunTime:0.002810s ]

[ 2014-05-28T00:19:42+08:00 ] 0.0.0.0 /zendStudio/edian/index.php/Admin/Account/accountSettingView.html
INFO: [ route_check ] --START--
INFO: CheckRoute Behavior ::run [ RunTime:0.001112s ]
INFO: [ route_check ] --END-- [ RunTime:0.001217s ]
INFO: [ app_begin ] --START--
INFO: ReadHtmlCache Behavior ::run [ RunTime:0.000782s ]
INFO: [ app_begin ] --END-- [ RunTime:0.000864s ]
INFO: [ view_parse ] --START--
NOTIC: [8] Undefined variable: list I:\phpStudy\WWW\zendStudio\edian\Index\Runtime\Cache\Admin\491e1a065f9e123e2267e7ef7c8b1343.php 第 752 行.
NOTIC: [8] Undefined variable: pageCount I:\phpStudy\WWW\zendStudio\edian\Index\Runtime\Cache\Admin\491e1a065f9e123e2267e7ef7c8b1343.php 第 831 行.
INFO: ParseTemplate Behavior ::run [ RunTime:0.043274s ]
INFO: [ view_parse ] --END-- [ RunTime:0.043343s ]
INFO: [ view_filter ] --START--
INFO: ContentReplace Behavior ::run [ RunTime:0.000847s ]
INFO: TokenBuild Behavior ::run [ RunTime:0.000720s ]
INFO: WriteHtmlCache Behavior ::run [ RunTime:0.000533s ]
INFO: ShowRuntime Behavior ::run [ RunTime:0.000689s ]
INFO: [ view_filter ] --END-- [ RunTime:0.002964s ]
INFO: [ view_end ] --START--
INFO: ShowPageTrace Behavior ::run [ RunTime:0.000841s ]
INFO: [ view_end ] --END-- [ RunTime:0.000911s ]

[ 2014-05-28T00:19:48+08:00 ] 0.0.0.0 /zendStudio/edian/index.php/Admin/Account/widgets.html
INFO: [ route_check ] --START--
INFO: CheckRoute Behavior ::run [ RunTime:0.001091s ]
INFO: [ route_check ] --END-- [ RunTime:0.001187s ]
INFO: [ app_begin ] --START--
INFO: ReadHtmlCache Behavior ::run [ RunTime:0.000780s ]
INFO: [ app_begin ] --END-- [ RunTime:0.000853s ]
ERR: 非法操作:widgets

[ 2014-05-28T00:21:46+08:00 ] 0.0.0.0 /zendStudio/edian/index.php/Admin/Account/accountSettingView.html
INFO: [ route_check ] --START--
INFO: CheckRoute Behavior ::run [ RunTime:0.001096s ]
INFO: [ route_check ] --END-- [ RunTime:0.001211s ]
INFO: [ app_begin ] --START--
INFO: ReadHtmlCache Behavior ::run [ RunTime:0.000691s ]
INFO: [ app_begin ] --END-- [ RunTime:0.000764s ]
INFO: [ view_parse ] --START--
NOTIC: [8] Undefined variable: list I:\phpStudy\WWW\zendStudio\edian\Index\Runtime\Cache\Admin\491e1a065f9e123e2267e7ef7c8b1343.php 第 752 行.
NOTIC: [8] Undefined variable: pageCount I:\phpStudy\WWW\zendStudio\edian\Index\Runtime\Cache\Admin\491e1a065f9e123e2267e7ef7c8b1343.php 第 831 行.
INFO: ParseTemplate Behavior ::run [ RunTime:0.043345s ]
INFO: [ view_parse ] --END-- [ RunTime:0.043425s ]
INFO: [ view_filter ] --START--
INFO: ContentReplace Behavior ::run [ RunTime:0.000744s ]
INFO: TokenBuild Behavior ::run [ RunTime:0.000656s ]
INFO: WriteHtmlCache Behavior ::run [ RunTime:0.000455s ]
INFO: ShowRuntime Behavior ::run [ RunTime:0.000606s ]
INFO: [ view_filter ] --END-- [ RunTime:0.002624s ]
INFO: [ view_end ] --START--
INFO: ShowPageTrace Behavior ::run [ RunTime:0.000814s ]
INFO: [ view_end ] --END-- [ RunTime:0.000922s ]

[ 2014-05-28T00:21:54+08:00 ] 0.0.0.0 /zendStudio/edian/index.php/Admin/Account/widgets.html
INFO: [ route_check ] --START--
INFO: CheckRoute Behavior ::run [ RunTime:0.001051s ]
INFO: [ route_check ] --END-- [ RunTime:0.001145s ]
INFO: [ app_begin ] --START--
INFO: ReadHtmlCache Behavior ::run [ RunTime:0.000700s ]
INFO: [ app_begin ] --END-- [ RunTime:0.000775s ]
ERR: 非法操作:widgets

[ 2014-05-28T00:22:19+08:00 ] 0.0.0.0 /zendStudio/edian/index.php/Admin/Account/accountSettingView.html
INFO: [ route_check ] --START--
INFO: CheckRoute Behavior ::run [ RunTime:0.001013s ]
INFO: [ route_check ] --END-- [ RunTime:0.001101s ]
INFO: [ app_begin ] --START--
INFO: ReadHtmlCache Behavior ::run [ RunTime:0.000688s ]
INFO: [ app_begin ] --END-- [ RunTime:0.000758s ]
INFO: [ view_parse ] --START--
NOTIC: [8] Undefined variable: list I:\phpStudy\WWW\zendStudio\edian\Index\Runtime\Cache\Admin\491e1a065f9e123e2267e7ef7c8b1343.php 第 752 行.
NOTIC: [8] Undefined variable: pageCount I:\phpStudy\WWW\zendStudio\edian\Index\Runtime\Cache\Admin\491e1a065f9e123e2267e7ef7c8b1343.php 第 831 行.
INFO: ParseTemplate Behavior ::run [ RunTime:0.041216s ]
INFO: [ view_parse ] --END-- [ RunTime:0.041292s ]
INFO: [ view_filter ] --START--
INFO: ContentReplace Behavior ::run [ RunTime:0.000690s ]
INFO: TokenBuild Behavior ::run [ RunTime:0.000500s ]
INFO: WriteHtmlCache Behavior ::run [ RunTime:0.000424s ]
INFO: ShowRuntime Behavior ::run [ RunTime:0.000687s ]
INFO: [ view_filter ] --END-- [ RunTime:0.002472s ]
INFO: [ view_end ] --START--
INFO: ShowPageTrace Behavior ::run [ RunTime:0.001454s ]
INFO: [ view_end ] --END-- [ RunTime:0.001631s ]

[ 2014-05-28T00:24:30+08:00 ] 0.0.0.0 /zendStudio/edian/index.php/Admin/Account/accountSettingView.html
INFO: [ route_check ] --START--
INFO: CheckRoute Behavior ::run [ RunTime:0.001026s ]
INFO: [ route_check ] --END-- [ RunTime:0.001137s ]
INFO: [ app_begin ] --START--
INFO: ReadHtmlCache Behavior ::run [ RunTime:0.000740s ]
INFO: [ app_begin ] --END-- [ RunTime:0.000821s ]
NOTIC: [8] A session had already been started - ignoring session_start() I:\phpStudy\WWW\zendStudio\edian\Index\Lib\Action\Admin\AccountAction.class.php 第 4 行.

[ 2014-05-28T00:24:42+08:00 ] 0.0.0.0 /zendStudio/edian/index.php/Admin/
INFO: [ route_check ] --START--
INFO: CheckRoute Behavior ::run [ RunTime:0.000838s ]
INFO: [ route_check ] --END-- [ RunTime:0.000929s ]
INFO: [ app_begin ] --START--
INFO: ReadHtmlCache Behavior ::run [ RunTime:0.000611s ]
INFO: [ app_begin ] --END-- [ RunTime:0.000690s ]
INFO: [ view_parse ] --START--
INFO: ParseTemplate Behavior ::run [ RunTime:0.103855s ]
INFO: [ view_parse ] --END-- [ RunTime:0.104048s ]
INFO: [ view_filter ] --START--
INFO: ContentReplace Behavior ::run [ RunTime:0.001862s ]
INFO: TokenBuild Behavior ::run [ RunTime:0.001862s ]
INFO: WriteHtmlCache Behavior ::run [ RunTime:0.001758s ]
INFO: ShowRuntime Behavior ::run [ RunTime:0.002076s ]
INFO: [ view_filter ] --END-- [ RunTime:0.008123s ]
INFO: [ view_end ] --START--
INFO: ShowPageTrace Behavior ::run [ RunTime:0.002383s ]
INFO: [ view_end ] --END-- [ RunTime:0.002583s ]

[ 2014-05-28T00:24:42+08:00 ] 0.0.0.0 /zendStudio/edian/index.php/Admin/Index/verify.html
INFO: [ route_check ] --START--
INFO: CheckRoute Behavior ::run [ RunTime:0.001141s ]
INFO: [ route_check ] --END-- [ RunTime:0.001287s ]
INFO: [ app_begin ] --START--
INFO: ReadHtmlCache Behavior ::run [ RunTime:0.001015s ]
INFO: [ app_begin ] --END-- [ RunTime:0.001181s ]

[ 2014-05-28T00:24:59+08:00 ] 0.0.0.0 /zendStudio/edian/index.php/Admin/Index/checkLogin.html
INFO: [ route_check ] --START--
INFO: CheckRoute Behavior ::run [ RunTime:0.000822s ]
INFO: [ route_check ] --END-- [ RunTime:0.000914s ]
INFO: [ app_begin ] --START--
INFO: ReadHtmlCache Behavior ::run [ RunTime:0.000572s ]
INFO: [ app_begin ] --END-- [ RunTime:0.000644s ]
SQL: SHOW COLUMNS FROM `edian_admin` [ RunTime:0.048411s ]
SQL: SELECT * FROM `edian_admin` WHERE ( admin_name='kk' and admin_passwd='dc468c70fb574ebd07287b38d0d0676d' )  [ RunTime:0.000622s ]
NOTIC: [8] A session had already been started - ignoring session_start() I:\phpStudy\WWW\zendStudio\edian\Index\Lib\Action\Admin\IndexAction.class.php 第 19 行.

[ 2014-05-28T00:24:59+08:00 ] 0.0.0.0 /zendStudio/edian/index.php/Admin/Admin/admin.html
INFO: [ route_check ] --START--
INFO: CheckRoute Behavior ::run [ RunTime:0.000699s ]
INFO: [ route_check ] --END-- [ RunTime:0.000779s ]
INFO: [ app_begin ] --START--
INFO: ReadHtmlCache Behavior ::run [ RunTime:0.000574s ]
INFO: [ app_begin ] --END-- [ RunTime:0.000634s ]
INFO: [ view_parse ] --START--
INFO: ParseTemplate Behavior ::run [ RunTime:0.031927s ]
INFO: [ view_parse ] --END-- [ RunTime:0.032005s ]
INFO: [ view_filter ] --START--
INFO: ContentReplace Behavior ::run [ RunTime:0.000689s ]
INFO: TokenBuild Behavior ::run [ RunTime:0.000505s ]
INFO: WriteHtmlCache Behavior ::run [ RunTime:0.000386s ]
INFO: ShowRuntime Behavior ::run [ RunTime:0.000616s ]
INFO: [ view_filter ] --END-- [ RunTime:0.002362s ]
INFO: [ view_end ] --START--
INFO: ShowPageTrace Behavior ::run [ RunTime:0.000682s ]
INFO: [ view_end ] --END-- [ RunTime:0.000773s ]

[ 2014-05-28T00:25:02+08:00 ] 0.0.0.0 /zendStudio/edian/index.php/Admin/Account/accountSettingView.html
INFO: [ route_check ] --START--
INFO: CheckRoute Behavior ::run [ RunTime:0.000762s ]
INFO: [ route_check ] --END-- [ RunTime:0.000842s ]
INFO: [ app_begin ] --START--
INFO: ReadHtmlCache Behavior ::run [ RunTime:0.000537s ]
INFO: [ app_begin ] --END-- [ RunTime:0.000609s ]
NOTIC: [8] A session had already been started - ignoring session_start() I:\phpStudy\WWW\zendStudio\edian\Index\Lib\Action\Admin\AccountAction.class.php 第 4 行.

[ 2014-05-28T00:27:05+08:00 ] 0.0.0.0 /zendStudio/edian/index.php/Admin/Index/checkLogin.html
INFO: [ route_check ] --START--
INFO: CheckRoute Behavior ::run [ RunTime:0.000982s ]
INFO: [ route_check ] --END-- [ RunTime:0.001068s ]
INFO: [ app_begin ] --START--
INFO: ReadHtmlCache Behavior ::run [ RunTime:0.000634s ]
INFO: [ app_begin ] --END-- [ RunTime:0.000700s ]
SQL: SHOW COLUMNS FROM `edian_admin` [ RunTime:0.047896s ]
SQL: SELECT * FROM `edian_admin` WHERE ( admin_name='kk' and admin_passwd='d41d8cd98f00b204e9800998ecf8427e' )  [ RunTime:0.001367s ]
NOTIC: [8] Use of undefined constant res - assumed 'res' I:\phpStudy\WWW\zendStudio\edian\Index\Lib\Action\Admin\IndexAction.class.php 第 18 行.

[ 2014-05-28T00:27:10+08:00 ] 0.0.0.0 /zendStudio/edian/index.php/Admin/Account/accountSettingView.html
INFO: [ route_check ] --START--
INFO: CheckRoute Behavior ::run [ RunTime:0.000677s ]
INFO: [ route_check ] --END-- [ RunTime:0.000763s ]
INFO: [ app_begin ] --START--
INFO: ReadHtmlCache Behavior ::run [ RunTime:0.000478s ]
INFO: [ app_begin ] --END-- [ RunTime:0.000544s ]
NOTIC: [8] A session had already been started - ignoring session_start() I:\phpStudy\WWW\zendStudio\edian\Index\Lib\Action\Admin\AccountAction.class.php 第 4 行.

[ 2014-05-28T00:27:14+08:00 ] 0.0.0.0 /zendStudio/edian/index.php/Admin/Account/accountSettingView.html
INFO: [ route_check ] --START--
INFO: CheckRoute Behavior ::run [ RunTime:0.000815s ]
INFO: [ route_check ] --END-- [ RunTime:0.000916s ]
INFO: [ app_begin ] --START--
INFO: ReadHtmlCache Behavior ::run [ RunTime:0.000593s ]
INFO: [ app_begin ] --END-- [ RunTime:0.000660s ]
NOTIC: [8] A session had already been started - ignoring session_start() I:\phpStudy\WWW\zendStudio\edian\Index\Lib\Action\Admin\AccountAction.class.php 第 4 行.

[ 2014-05-28T00:27:18+08:00 ] 0.0.0.0 /zendStudio/edian/index.php/Admin/
INFO: [ route_check ] --START--
INFO: CheckRoute Behavior ::run [ RunTime:0.001091s ]
INFO: [ route_check ] --END-- [ RunTime:0.001225s ]
INFO: [ app_begin ] --START--
INFO: ReadHtmlCache Behavior ::run [ RunTime:0.000620s ]
INFO: [ app_begin ] --END-- [ RunTime:0.000707s ]
INFO: [ view_parse ] --START--
INFO: ParseTemplate Behavior ::run [ RunTime:0.009154s ]
INFO: [ view_parse ] --END-- [ RunTime:0.009256s ]
INFO: [ view_filter ] --START--
INFO: ContentReplace Behavior ::run [ RunTime:0.000604s ]
INFO: TokenBuild Behavior ::run [ RunTime:0.000581s ]
INFO: WriteHtmlCache Behavior ::run [ RunTime:0.000491s ]
INFO: ShowRuntime Behavior ::run [ RunTime:0.000679s ]
INFO: [ view_filter ] --END-- [ RunTime:0.002535s ]
INFO: [ view_end ] --START--
INFO: ShowPageTrace Behavior ::run [ RunTime:0.000746s ]
INFO: [ view_end ] --END-- [ RunTime:0.000811s ]

[ 2014-05-28T00:27:18+08:00 ] 0.0.0.0 /zendStudio/edian/index.php/Admin/Index/verify.html
INFO: [ route_check ] --START--
INFO: CheckRoute Behavior ::run [ RunTime:0.000732s ]
INFO: [ route_check ] --END-- [ RunTime:0.000830s ]
INFO: [ app_begin ] --START--
INFO: ReadHtmlCache Behavior ::run [ RunTime:0.000534s ]
INFO: [ app_begin ] --END-- [ RunTime:0.000606s ]

[ 2014-05-28T00:27:21+08:00 ] 0.0.0.0 /zendStudio/edian/index.php/Admin/Index/checkLogin.html
INFO: [ route_check ] --START--
INFO: CheckRoute Behavior ::run [ RunTime:0.000855s ]
INFO: [ route_check ] --END-- [ RunTime:0.000971s ]
INFO: [ app_begin ] --START--
INFO: ReadHtmlCache Behavior ::run [ RunTime:0.000615s ]
INFO: [ app_begin ] --END-- [ RunTime:0.000684s ]
INFO: [ view_parse ] --START--
INFO: ParseTemplate Behavior ::run [ RunTime:0.008470s ]
INFO: [ view_parse ] --END-- [ RunTime:0.008562s ]
INFO: [ view_filter ] --START--
INFO: ContentReplace Behavior ::run [ RunTime:0.000499s ]
INFO: TokenBuild Behavior ::run [ RunTime:0.000404s ]
INFO: WriteHtmlCache Behavior ::run [ RunTime:0.000351s ]
INFO: ShowRuntime Behavior ::run [ RunTime:0.000617s ]
INFO: [ view_filter ] --END-- [ RunTime:0.002016s ]
INFO: [ view_end ] --START--
INFO: ShowPageTrace Behavior ::run [ RunTime:0.000644s ]
INFO: [ view_end ] --END-- [ RunTime:0.000722s ]

[ 2014-05-28T00:27:27+08:00 ] 0.0.0.0 /zendStudio/edian/index.php/Admin/Index/checkLogin.html
INFO: [ route_check ] --START--
INFO: CheckRoute Behavior ::run [ RunTime:0.000808s ]
INFO: [ route_check ] --END-- [ RunTime:0.000899s ]
INFO: [ app_begin ] --START--
INFO: ReadHtmlCache Behavior ::run [ RunTime:0.000577s ]
INFO: [ app_begin ] --END-- [ RunTime:0.000653s ]
INFO: [ view_parse ] --START--
INFO: ParseTemplate Behavior ::run [ RunTime:0.007685s ]
INFO: [ view_parse ] --END-- [ RunTime:0.007792s ]
INFO: [ view_filter ] --START--
INFO: ContentReplace Behavior ::run [ RunTime:0.000522s ]
INFO: TokenBuild Behavior ::run [ RunTime:0.000557s ]
INFO: WriteHtmlCache Behavior ::run [ RunTime:0.000494s ]
INFO: ShowRuntime Behavior ::run [ RunTime:0.000667s ]
INFO: [ view_filter ] --END-- [ RunTime:0.002424s ]
INFO: [ view_end ] --START--
INFO: ShowPageTrace Behavior ::run [ RunTime:0.000590s ]
INFO: [ view_end ] --END-- [ RunTime:0.000650s ]

[ 2014-05-28T00:27:34+08:00 ] 0.0.0.0 /zendStudio/edian/index.php/Admin/Index/checkLogin.html
INFO: [ route_check ] --START--
INFO: CheckRoute Behavior ::run [ RunTime:0.000798s ]
INFO: [ route_check ] --END-- [ RunTime:0.000893s ]
INFO: [ app_begin ] --START--
INFO: ReadHtmlCache Behavior ::run [ RunTime:0.000624s ]
INFO: [ app_begin ] --END-- [ RunTime:0.000700s ]
SQL: SHOW COLUMNS FROM `edian_admin` [ RunTime:0.047940s ]
SQL: SELECT * FROM `edian_admin` WHERE ( admin_name='' and admin_passwd='d41d8cd98f00b204e9800998ecf8427e' )  [ RunTime:0.001310s ]
NOTIC: [8] Use of undefined constant res - assumed 'res' I:\phpStudy\WWW\zendStudio\edian\Index\Lib\Action\Admin\IndexAction.class.php 第 18 行.

[ 2014-05-28T00:27:49+08:00 ] 0.0.0.0 /zendStudio/edian/index.php/Admin/Index/checkLogin.html
INFO: [ route_check ] --START--
INFO: CheckRoute Behavior ::run [ RunTime:0.000801s ]
INFO: [ route_check ] --END-- [ RunTime:0.000900s ]
INFO: [ app_begin ] --START--
INFO: ReadHtmlCache Behavior ::run [ RunTime:0.000588s ]
INFO: [ app_begin ] --END-- [ RunTime:0.000665s ]
SQL: SHOW COLUMNS FROM `edian_admin` [ RunTime:0.047622s ]
SQL: SELECT * FROM `edian_admin` WHERE ( admin_name='' and admin_passwd='d41d8cd98f00b204e9800998ecf8427e' )  [ RunTime:0.001225s ]

[ 2014-05-28T00:27:58+08:00 ] 0.0.0.0 /zendStudio/edian/index.php/Admin/Index/checkLogin.html
INFO: [ route_check ] --START--
INFO: CheckRoute Behavior ::run [ RunTime:0.000796s ]
INFO: [ route_check ] --END-- [ RunTime:0.000892s ]
INFO: [ app_begin ] --START--
INFO: ReadHtmlCache Behavior ::run [ RunTime:0.000590s ]
INFO: [ app_begin ] --END-- [ RunTime:0.000658s ]
SQL: SHOW COLUMNS FROM `edian_admin` [ RunTime:0.017515s ]
SQL: SELECT * FROM `edian_admin` WHERE ( admin_name='zhenghang' and admin_passwd='8c93113263cbfc62df7c0aa22ccac7e3' )  [ RunTime:0.000365s ]

[ 2014-05-28T00:29:05+08:00 ] 0.0.0.0 /zendStudio/edian/index.php/Admin/Index/checkLogin.html
INFO: [ route_check ] --START--
INFO: CheckRoute Behavior ::run [ RunTime:0.000936s ]
INFO: [ route_check ] --END-- [ RunTime:0.001033s ]
INFO: [ app_begin ] --START--
INFO: ReadHtmlCache Behavior ::run [ RunTime:0.000640s ]
INFO: [ app_begin ] --END-- [ RunTime:0.000710s ]
SQL: SHOW COLUMNS FROM `edian_admin` [ RunTime:0.048047s ]
SQL: SELECT * FROM `edian_admin` WHERE ( admin_name='zhenghang' and admin_passwd='8c93113263cbfc62df7c0aa22ccac7e3' )  [ RunTime:0.001295s ]
NOTIC: [8] Use of undefined constant admin_name - assumed 'admin_name' I:\phpStudy\WWW\zendStudio\edian\Index\Lib\Action\Admin\IndexAction.class.php 第 18 行.

[ 2014-05-28T00:29:30+08:00 ] 0.0.0.0 /zendStudio/edian/index.php/Admin/Index/checkLogin.html
INFO: [ route_check ] --START--
INFO: CheckRoute Behavior ::run [ RunTime:0.001336s ]
INFO: [ route_check ] --END-- [ RunTime:0.001468s ]
INFO: [ app_begin ] --START--
INFO: ReadHtmlCache Behavior ::run [ RunTime:0.000685s ]
INFO: [ app_begin ] --END-- [ RunTime:0.000776s ]

[ 2014-05-28T00:29:42+08:00 ] 0.0.0.0 /zendStudio/edian/index.php/Admin/Index/checkLogin.html
INFO: [ route_check ] --START--
INFO: CheckRoute Behavior ::run [ RunTime:0.000779s ]
INFO: [ route_check ] --END-- [ RunTime:0.000861s ]
INFO: [ app_begin ] --START--
INFO: ReadHtmlCache Behavior ::run [ RunTime:0.000533s ]
INFO: [ app_begin ] --END-- [ RunTime:0.000593s ]
SQL: SHOW COLUMNS FROM `edian_admin` [ RunTime:0.046654s ]
SQL: SELECT * FROM `edian_admin` WHERE ( admin_name='zhenghang' and admin_passwd='8c93113263cbfc62df7c0aa22ccac7e3' )  [ RunTime:0.001235s ]

[ 2014-05-28T00:29:55+08:00 ] 0.0.0.0 /zendStudio/edian/index.php/Admin/Index/checkLogin.html
INFO: [ route_check ] --START--
INFO: CheckRoute Behavior ::run [ RunTime:0.000967s ]
INFO: [ route_check ] --END-- [ RunTime:0.001058s ]
INFO: [ app_begin ] --START--
INFO: ReadHtmlCache Behavior ::run [ RunTime:0.000744s ]
INFO: [ app_begin ] --END-- [ RunTime:0.000843s ]
SQL: SHOW COLUMNS FROM `edian_admin` [ RunTime:0.041304s ]
SQL: SELECT * FROM `edian_admin` WHERE ( admin_name='zhenghang' and admin_passwd='8c93113263cbfc62df7c0aa22ccac7e3' )  [ RunTime:0.000518s ]
NOTIC: [8] Undefined index: admin_pwd I:\phpStudy\WWW\zendStudio\edian\Index\Lib\Action\Admin\IndexAction.class.php 第 18 行.

[ 2014-05-28T00:30:17+08:00 ] 0.0.0.0 /zendStudio/edian/index.php/Admin/Index/checkLogin.html
INFO: [ route_check ] --START--
INFO: CheckRoute Behavior ::run [ RunTime:0.000825s ]
INFO: [ route_check ] --END-- [ RunTime:0.000921s ]
INFO: [ app_begin ] --START--
INFO: ReadHtmlCache Behavior ::run [ RunTime:0.000616s ]
INFO: [ app_begin ] --END-- [ RunTime:0.000696s ]
SQL: SHOW COLUMNS FROM `edian_admin` [ RunTime:0.046064s ]
SQL: SELECT * FROM `edian_admin` WHERE ( admin_name='zhenghang' and admin_passwd='8c93113263cbfc62df7c0aa22ccac7e3' )  [ RunTime:0.000610s ]

[ 2014-05-28T00:30:20+08:00 ] 0.0.0.0 /zendStudio/edian/index.php/Admin/Account/accountSettingView.html
INFO: [ route_check ] --START--
INFO: CheckRoute Behavior ::run [ RunTime:0.000806s ]
INFO: [ route_check ] --END-- [ RunTime:0.000901s ]
INFO: [ app_begin ] --START--
INFO: ReadHtmlCache Behavior ::run [ RunTime:0.000649s ]
INFO: [ app_begin ] --END-- [ RunTime:0.000742s ]
NOTIC: [8] A session had already been started - ignoring session_start() I:\phpStudy\WWW\zendStudio\edian\Index\Lib\Action\Admin\AccountAction.class.php 第 4 行.

[ 2014-05-28T00:31:47+08:00 ] 0.0.0.0 /zendStudio/edian/index.php/Admin/
INFO: [ route_check ] --START--
INFO: CheckRoute Behavior ::run [ RunTime:0.001291s ]
INFO: [ route_check ] --END-- [ RunTime:0.001399s ]
INFO: [ app_begin ] --START--
INFO: ReadHtmlCache Behavior ::run [ RunTime:0.000690s ]
INFO: [ app_begin ] --END-- [ RunTime:0.000782s ]
INFO: [ view_parse ] --START--
INFO: ParseTemplate Behavior ::run [ RunTime:0.008855s ]
INFO: [ view_parse ] --END-- [ RunTime:0.008971s ]
INFO: [ view_filter ] --START--
INFO: ContentReplace Behavior ::run [ RunTime:0.000595s ]
INFO: TokenBuild Behavior ::run [ RunTime:0.000622s ]
INFO: WriteHtmlCache Behavior ::run [ RunTime:0.000507s ]
INFO: ShowRuntime Behavior ::run [ RunTime:0.000570s ]
INFO: [ view_filter ] --END-- [ RunTime:0.002450s ]
INFO: [ view_end ] --START--
INFO: ShowPageTrace Behavior ::run [ RunTime:0.000663s ]
INFO: [ view_end ] --END-- [ RunTime:0.000737s ]

[ 2014-05-28T00:31:48+08:00 ] 0.0.0.0 /zendStudio/edian/index.php/Admin/Index/verify.html
INFO: [ route_check ] --START--
INFO: CheckRoute Behavior ::run [ RunTime:0.000760s ]
INFO: [ route_check ] --END-- [ RunTime:0.000874s ]
INFO: [ app_begin ] --START--
INFO: ReadHtmlCache Behavior ::run [ RunTime:0.000569s ]
INFO: [ app_begin ] --END-- [ RunTime:0.000664s ]

[ 2014-05-28T00:32:01+08:00 ] 0.0.0.0 /zendStudio/edian/index.php/Admin/Index/verify.html
INFO: [ route_check ] --START--
INFO: CheckRoute Behavior ::run [ RunTime:0.000900s ]
INFO: [ route_check ] --END-- [ RunTime:0.001023s ]
INFO: [ app_begin ] --START--
INFO: ReadHtmlCache Behavior ::run [ RunTime:0.000663s ]
INFO: [ app_begin ] --END-- [ RunTime:0.000757s ]

[ 2014-05-28T00:32:02+08:00 ] 0.0.0.0 /zendStudio/edian/index.php/Admin/Index/verify.html
INFO: [ route_check ] --START--
INFO: CheckRoute Behavior ::run [ RunTime:0.000798s ]
INFO: [ route_check ] --END-- [ RunTime:0.000949s ]
INFO: [ app_begin ] --START--
INFO: ReadHtmlCache Behavior ::run [ RunTime:0.000596s ]
INFO: [ app_begin ] --END-- [ RunTime:0.000668s ]

[ 2014-05-28T00:32:02+08:00 ] 0.0.0.0 /zendStudio/edian/index.php/Admin/Index/checkLogin.html
INFO: [ route_check ] --START--
INFO: CheckRoute Behavior ::run [ RunTime:0.001157s ]
INFO: [ route_check ] --END-- [ RunTime:0.001272s ]
INFO: [ app_begin ] --START--
INFO: ReadHtmlCache Behavior ::run [ RunTime:0.001014s ]
INFO: [ app_begin ] --END-- [ RunTime:0.001101s ]
INFO: [ view_parse ] --START--
INFO: ParseTemplate Behavior ::run [ RunTime:0.008369s ]
INFO: [ view_parse ] --END-- [ RunTime:0.008457s ]
INFO: [ view_filter ] --START--
INFO: ContentReplace Behavior ::run [ RunTime:0.000604s ]
INFO: TokenBuild Behavior ::run [ RunTime:0.000541s ]
INFO: WriteHtmlCache Behavior ::run [ RunTime:0.000484s ]
INFO: ShowRuntime Behavior ::run [ RunTime:0.000694s ]
INFO: [ view_filter ] --END-- [ RunTime:0.002480s ]
INFO: [ view_end ] --START--
INFO: ShowPageTrace Behavior ::run [ RunTime:0.000761s ]
INFO: [ view_end ] --END-- [ RunTime:0.000814s ]

[ 2014-05-28T00:32:03+08:00 ] 0.0.0.0 /zendStudio/edian/index.php/Admin/Index/verify.html
INFO: [ route_check ] --START--
INFO: CheckRoute Behavior ::run [ RunTime:0.001390s ]
INFO: [ route_check ] --END-- [ RunTime:0.001562s ]
INFO: [ app_begin ] --START--
INFO: ReadHtmlCache Behavior ::run [ RunTime:0.000844s ]
INFO: [ app_begin ] --END-- [ RunTime:0.000952s ]

[ 2014-05-28T00:32:10+08:00 ] 0.0.0.0 /zendStudio/edian/index.php/Admin/Index/checkLogin.html
INFO: [ route_check ] --START--
INFO: CheckRoute Behavior ::run [ RunTime:0.001003s ]
INFO: [ route_check ] --END-- [ RunTime:0.001095s ]
INFO: [ app_begin ] --START--
INFO: ReadHtmlCache Behavior ::run [ RunTime:0.000789s ]
INFO: [ app_begin ] --END-- [ RunTime:0.000864s ]
SQL: SHOW COLUMNS FROM `edian_admin` [ RunTime:0.043458s ]
SQL: SELECT * FROM `edian_admin` WHERE ( admin_name='zhenghang' and admin_passwd='d41d8cd98f00b204e9800998ecf8427e' )  [ RunTime:0.000782s ]
INFO: [ view_parse ] --START--
INFO: ParseTemplate Behavior ::run [ RunTime:0.016877s ]
INFO: [ view_parse ] --END-- [ RunTime:0.017031s ]
INFO: [ view_filter ] --START--
INFO: ContentReplace Behavior ::run [ RunTime:0.001179s ]
INFO: TokenBuild Behavior ::run [ RunTime:0.001309s ]
INFO: WriteHtmlCache Behavior ::run [ RunTime:0.000691s ]
INFO: ShowRuntime Behavior ::run [ RunTime:0.000819s ]
INFO: [ view_filter ] --END-- [ RunTime:0.004308s ]
INFO: [ view_end ] --START--
INFO: ShowPageTrace Behavior ::run [ RunTime:0.000827s ]
INFO: [ view_end ] --END-- [ RunTime:0.000881s ]

[ 2014-05-28T00:32:15+08:00 ] 0.0.0.0 /zendStudio/edian/index.php/Admin/Index/checkLogin.html
INFO: [ route_check ] --START--
INFO: CheckRoute Behavior ::run [ RunTime:0.000985s ]
INFO: [ route_check ] --END-- [ RunTime:0.001075s ]
INFO: [ app_begin ] --START--
INFO: ReadHtmlCache Behavior ::run [ RunTime:0.000783s ]
INFO: [ app_begin ] --END-- [ RunTime:0.000853s ]
SQL: SHOW COLUMNS FROM `edian_admin` [ RunTime:0.046523s ]
SQL: SELECT * FROM `edian_admin` WHERE ( admin_name='zhenghang' and admin_passwd='8c93113263cbfc62df7c0aa22ccac7e3' )  [ RunTime:0.001278s ]
NOTIC: [8] A session had already been started - ignoring session_start() I:\phpStudy\WWW\zendStudio\edian\Index\Lib\Action\Admin\IndexAction.class.php 第 19 行.

[ 2014-05-28T00:32:15+08:00 ] 0.0.0.0 /zendStudio/edian/index.php/Admin/Admin/admin.html
INFO: [ route_check ] --START--
INFO: CheckRoute Behavior ::run [ RunTime:0.001162s ]
INFO: [ route_check ] --END-- [ RunTime:0.001284s ]
INFO: [ app_begin ] --START--
INFO: ReadHtmlCache Behavior ::run [ RunTime:0.000754s ]
INFO: [ app_begin ] --END-- [ RunTime:0.000828s ]
INFO: [ view_parse ] --START--
INFO: ParseTemplate Behavior ::run [ RunTime:0.033833s ]
INFO: [ view_parse ] --END-- [ RunTime:0.033941s ]
INFO: [ view_filter ] --START--
INFO: ContentReplace Behavior ::run [ RunTime:0.000768s ]
INFO: TokenBuild Behavior ::run [ RunTime:0.000695s ]
INFO: WriteHtmlCache Behavior ::run [ RunTime:0.000498s ]
INFO: ShowRuntime Behavior ::run [ RunTime:0.000708s ]
INFO: [ view_filter ] --END-- [ RunTime:0.002830s ]
INFO: [ view_end ] --START--
INFO: ShowPageTrace Behavior ::run [ RunTime:0.001060s ]
INFO: [ view_end ] --END-- [ RunTime:0.001181s ]

[ 2014-05-28T00:32:42+08:00 ] 0.0.0.0 /zendStudio/edian/index.php/Admin/Admin/admin.html
INFO: [ route_check ] --START--
INFO: CheckRoute Behavior ::run [ RunTime:0.000819s ]
INFO: [ route_check ] --END-- [ RunTime:0.000912s ]
INFO: [ app_begin ] --START--
INFO: ReadHtmlCache Behavior ::run [ RunTime:0.000626s ]
INFO: [ app_begin ] --END-- [ RunTime:0.000697s ]
INFO: [ view_parse ] --START--
INFO: ParseTemplate Behavior ::run [ RunTime:0.034930s ]
INFO: [ view_parse ] --END-- [ RunTime:0.035016s ]
INFO: [ view_filter ] --START--
INFO: ContentReplace Behavior ::run [ RunTime:0.000732s ]
INFO: TokenBuild Behavior ::run [ RunTime:0.000427s ]
INFO: WriteHtmlCache Behavior ::run [ RunTime:0.000320s ]
INFO: ShowRuntime Behavior ::run [ RunTime:0.000536s ]
INFO: [ view_filter ] --END-- [ RunTime:0.002163s ]
INFO: [ view_end ] --START--
INFO: ShowPageTrace Behavior ::run [ RunTime:0.000939s ]
INFO: [ view_end ] --END-- [ RunTime:0.001110s ]

[ 2014-05-28T00:32:44+08:00 ] 0.0.0.0 /zendStudio/edian/index.php/Admin/Account/accountSettingView.html
INFO: [ route_check ] --START--
INFO: CheckRoute Behavior ::run [ RunTime:0.001029s ]
INFO: [ route_check ] --END-- [ RunTime:0.001120s ]
INFO: [ app_begin ] --START--
INFO: ReadHtmlCache Behavior ::run [ RunTime:0.000740s ]
INFO: [ app_begin ] --END-- [ RunTime:0.000818s ]
NOTIC: [8] A session had already been started - ignoring session_start() I:\phpStudy\WWW\zendStudio\edian\Index\Lib\Action\Admin\AccountAction.class.php 第 4 行.

[ 2014-05-28T00:33:03+08:00 ] 0.0.0.0 /zendStudio/edian/index.php/Admin/Account/accountSettingView.html
INFO: [ route_check ] --START--
INFO: CheckRoute Behavior ::run [ RunTime:0.001095s ]
INFO: [ route_check ] --END-- [ RunTime:0.001187s ]
INFO: [ app_begin ] --START--
INFO: ReadHtmlCache Behavior ::run [ RunTime:0.000713s ]
INFO: [ app_begin ] --END-- [ RunTime:0.000786s ]

[ 2014-05-28T00:33:06+08:00 ] 0.0.0.0 /zendStudio/edian/index.php/Admin/Admin/admin.html
INFO: [ route_check ] --START--
INFO: CheckRoute Behavior ::run [ RunTime:0.000856s ]
INFO: [ route_check ] --END-- [ RunTime:0.000948s ]
INFO: [ app_begin ] --START--
INFO: ReadHtmlCache Behavior ::run [ RunTime:0.000590s ]
INFO: [ app_begin ] --END-- [ RunTime:0.000658s ]
INFO: [ view_parse ] --START--
INFO: ParseTemplate Behavior ::run [ RunTime:0.039172s ]
INFO: [ view_parse ] --END-- [ RunTime:0.039262s ]
INFO: [ view_filter ] --START--
INFO: ContentReplace Behavior ::run [ RunTime:0.000931s ]
INFO: TokenBuild Behavior ::run [ RunTime:0.000714s ]
INFO: WriteHtmlCache Behavior ::run [ RunTime:0.000570s ]
INFO: ShowRuntime Behavior ::run [ RunTime:0.000746s ]
INFO: [ view_filter ] --END-- [ RunTime:0.003153s ]
INFO: [ view_end ] --START--
INFO: ShowPageTrace Behavior ::run [ RunTime:0.000931s ]
INFO: [ view_end ] --END-- [ RunTime:0.001036s ]

[ 2014-05-28T00:33:07+08:00 ] 0.0.0.0 /zendStudio/edian/index.php/Admin/Account/accountSettingView.html
INFO: [ route_check ] --START--
INFO: CheckRoute Behavior ::run [ RunTime:0.001036s ]
INFO: [ route_check ] --END-- [ RunTime:0.001134s ]
INFO: [ app_begin ] --START--
INFO: ReadHtmlCache Behavior ::run [ RunTime:0.000667s ]
INFO: [ app_begin ] --END-- [ RunTime:0.000746s ]

[ 2014-05-28T00:33:51+08:00 ] 0.0.0.0 /zendStudio/edian/index.php/Admin/
INFO: [ route_check ] --START--
INFO: CheckRoute Behavior ::run [ RunTime:0.000941s ]
INFO: [ route_check ] --END-- [ RunTime:0.001038s ]
INFO: [ app_begin ] --START--
INFO: ReadHtmlCache Behavior ::run [ RunTime:0.000560s ]
INFO: [ app_begin ] --END-- [ RunTime:0.000622s ]
INFO: [ view_parse ] --START--
INFO: ParseTemplate Behavior ::run [ RunTime:0.008055s ]
INFO: [ view_parse ] --END-- [ RunTime:0.008137s ]
INFO: [ view_filter ] --START--
INFO: ContentReplace Behavior ::run [ RunTime:0.000543s ]
INFO: TokenBuild Behavior ::run [ RunTime:0.000656s ]
INFO: WriteHtmlCache Behavior ::run [ RunTime:0.000583s ]
INFO: ShowRuntime Behavior ::run [ RunTime:0.000613s ]
INFO: [ view_filter ] --END-- [ RunTime:0.002614s ]
INFO: [ view_end ] --START--
INFO: ShowPageTrace Behavior ::run [ RunTime:0.000847s ]
INFO: [ view_end ] --END-- [ RunTime:0.000943s ]

[ 2014-05-28T00:33:51+08:00 ] 0.0.0.0 /zendStudio/edian/index.php/Admin/Index/verify.html
INFO: [ route_check ] --START--
INFO: CheckRoute Behavior ::run [ RunTime:0.000776s ]
INFO: [ route_check ] --END-- [ RunTime:0.000873s ]
INFO: [ app_begin ] --START--
INFO: ReadHtmlCache Behavior ::run [ RunTime:0.000557s ]
INFO: [ app_begin ] --END-- [ RunTime:0.000632s ]

[ 2014-05-28T00:34:14+08:00 ] 0.0.0.0 /zendStudio/edian/index.php/Admin/Alter/alterProductView.html
INFO: [ route_check ] --START--
INFO: CheckRoute Behavior ::run [ RunTime:0.000869s ]
INFO: [ route_check ] --END-- [ RunTime:0.000960s ]
INFO: [ app_begin ] --START--
INFO: ReadHtmlCache Behavior ::run [ RunTime:0.000581s ]
INFO: [ app_begin ] --END-- [ RunTime:0.000644s ]
NOTIC: [8] A session had already been started - ignoring session_start() I:\phpStudy\WWW\zendStudio\edian\Index\Lib\Action\Admin\CommonAction.class.php 第 4 行.

[ 2014-05-28T00:34:14+08:00 ] 0.0.0.0 /zendStudio/edian/index.php/Admin/Index/index.html
INFO: [ route_check ] --START--
INFO: CheckRoute Behavior ::run [ RunTime:0.000876s ]
INFO: [ route_check ] --END-- [ RunTime:0.000982s ]
INFO: [ app_begin ] --START--
INFO: ReadHtmlCache Behavior ::run [ RunTime:0.000516s ]
INFO: [ app_begin ] --END-- [ RunTime:0.000578s ]
INFO: [ view_parse ] --START--
INFO: ParseTemplate Behavior ::run [ RunTime:0.009340s ]
INFO: [ view_parse ] --END-- [ RunTime:0.009431s ]
INFO: [ view_filter ] --START--
INFO: ContentReplace Behavior ::run [ RunTime:0.000559s ]
INFO: TokenBuild Behavior ::run [ RunTime:0.000500s ]
INFO: WriteHtmlCache Behavior ::run [ RunTime:0.000516s ]
INFO: ShowRuntime Behavior ::run [ RunTime:0.000754s ]
INFO: [ view_filter ] --END-- [ RunTime:0.002527s ]
INFO: [ view_end ] --START--
INFO: ShowPageTrace Behavior ::run [ RunTime:0.000902s ]
INFO: [ view_end ] --END-- [ RunTime:0.000980s ]

[ 2014-05-28T00:34:14+08:00 ] 0.0.0.0 /zendStudio/edian/index.php/Admin/Index/verify.html
INFO: [ route_check ] --START--
INFO: CheckRoute Behavior ::run [ RunTime:0.000720s ]
INFO: [ route_check ] --END-- [ RunTime:0.000813s ]
INFO: [ app_begin ] --START--
INFO: ReadHtmlCache Behavior ::run [ RunTime:0.000540s ]
INFO: [ app_begin ] --END-- [ RunTime:0.000610s ]

[ 2014-05-28T00:36:27+08:00 ] 0.0.0.0 /zendStudio/edian/index.php/Admin/Admin/admin.html
INFO: [ route_check ] --START--
INFO: CheckRoute Behavior ::run [ RunTime:0.001049s ]
INFO: [ route_check ] --END-- [ RunTime:0.001167s ]
INFO: [ app_begin ] --START--
INFO: ReadHtmlCache Behavior ::run [ RunTime:0.001153s ]
INFO: [ app_begin ] --END-- [ RunTime:0.001297s ]
NOTIC: [8] A session had already been started - ignoring session_start() I:\phpStudy\WWW\zendStudio\edian\Index\Lib\Action\Admin\CommonAction.class.php 第 4 行.
INFO: [ view_parse ] --START--
INFO: ParseTemplate Behavior ::run [ RunTime:0.039838s ]
INFO: [ view_parse ] --END-- [ RunTime:0.039924s ]
INFO: [ view_filter ] --START--
INFO: ContentReplace Behavior ::run [ RunTime:0.000777s ]
INFO: TokenBuild Behavior ::run [ RunTime:0.000614s ]
INFO: WriteHtmlCache Behavior ::run [ RunTime:0.000486s ]
INFO: ShowRuntime Behavior ::run [ RunTime:0.000641s ]
INFO: [ view_filter ] --END-- [ RunTime:0.002691s ]
INFO: [ view_end ] --START--
INFO: ShowPageTrace Behavior ::run [ RunTime:0.001145s ]
INFO: [ view_end ] --END-- [ RunTime:0.001273s ]

[ 2014-05-28T00:36:28+08:00 ] 0.0.0.0 /zendStudio/edian/index.php/Admin/Account/accountSettingView.html
INFO: [ route_check ] --START--
INFO: CheckRoute Behavior ::run [ RunTime:0.000818s ]
INFO: [ route_check ] --END-- [ RunTime:0.000906s ]
INFO: [ app_begin ] --START--
INFO: ReadHtmlCache Behavior ::run [ RunTime:0.000616s ]
INFO: [ app_begin ] --END-- [ RunTime:0.000685s ]
NOTIC: [8] A session had already been started - ignoring session_start() I:\phpStudy\WWW\zendStudio\edian\Index\Lib\Action\Admin\CommonAction.class.php 第 4 行.

[ 2014-05-28T00:37:12+08:00 ] 0.0.0.0 /zendStudio/edian/index.php/Admin/Account/accountSettingView.html
INFO: [ route_check ] --START--
INFO: CheckRoute Behavior ::run [ RunTime:0.001129s ]
INFO: [ route_check ] --END-- [ RunTime:0.001237s ]
INFO: [ app_begin ] --START--
INFO: ReadHtmlCache Behavior ::run [ RunTime:0.000705s ]
INFO: [ app_begin ] --END-- [ RunTime:0.000782s ]
NOTIC: [8] A session had already been started - ignoring session_start() I:\phpStudy\WWW\zendStudio\edian\Index\Lib\Action\Admin\CommonAction.class.php 第 4 行.

[ 2014-05-28T00:37:19+08:00 ] 0.0.0.0 /zendStudio/edian/index.php/Admin/Account/accountSettingView.html
INFO: [ route_check ] --START--
INFO: CheckRoute Behavior ::run [ RunTime:0.001203s ]
INFO: [ route_check ] --END-- [ RunTime:0.001299s ]
INFO: [ app_begin ] --START--
INFO: ReadHtmlCache Behavior ::run [ RunTime:0.000713s ]
INFO: [ app_begin ] --END-- [ RunTime:0.000787s ]
NOTIC: [8] A session had already been started - ignoring session_start() I:\phpStudy\WWW\zendStudio\edian\Index\Lib\Action\Admin\CommonAction.class.php 第 4 行.
INFO: [ view_parse ] --START--
NOTIC: [8] Undefined variable: list I:\phpStudy\WWW\zendStudio\edian\Index\Runtime\Cache\Admin\491e1a065f9e123e2267e7ef7c8b1343.php 第 752 行.
NOTIC: [8] Undefined variable: pageCount I:\phpStudy\WWW\zendStudio\edian\Index\Runtime\Cache\Admin\491e1a065f9e123e2267e7ef7c8b1343.php 第 831 行.
INFO: ParseTemplate Behavior ::run [ RunTime:0.045848s ]
INFO: [ view_parse ] --END-- [ RunTime:0.045926s ]
INFO: [ view_filter ] --START--
INFO: ContentReplace Behavior ::run [ RunTime:0.000816s ]
INFO: TokenBuild Behavior ::run [ RunTime:0.000701s ]
INFO: WriteHtmlCache Behavior ::run [ RunTime:0.000588s ]
INFO: ShowRuntime Behavior ::run [ RunTime:0.000673s ]
INFO: [ view_filter ] --END-- [ RunTime:0.002973s ]
INFO: [ view_end ] --START--
INFO: ShowPageTrace Behavior ::run [ RunTime:0.001057s ]
INFO: [ view_end ] --END-- [ RunTime:0.001155s ]

[ 2014-05-28T00:37:29+08:00 ] 0.0.0.0 /zendStudio/edian/index.php/Admin/Account/accountSettingView.html
INFO: [ route_check ] --START--
INFO: CheckRoute Behavior ::run [ RunTime:0.001043s ]
INFO: [ route_check ] --END-- [ RunTime:0.001134s ]
INFO: [ app_begin ] --START--
INFO: ReadHtmlCache Behavior ::run [ RunTime:0.000684s ]
INFO: [ app_begin ] --END-- [ RunTime:0.000759s ]
NOTIC: [8] A session had already been started - ignoring session_start() I:\phpStudy\WWW\zendStudio\edian\Index\Lib\Action\Admin\CommonAction.class.php 第 4 行.
INFO: [ view_parse ] --START--
NOTIC: [8] Undefined variable: list I:\phpStudy\WWW\zendStudio\edian\Index\Runtime\Cache\Admin\491e1a065f9e123e2267e7ef7c8b1343.php 第 752 行.
NOTIC: [8] Undefined variable: pageCount I:\phpStudy\WWW\zendStudio\edian\Index\Runtime\Cache\Admin\491e1a065f9e123e2267e7ef7c8b1343.php 第 831 行.
INFO: ParseTemplate Behavior ::run [ RunTime:0.045461s ]
INFO: [ view_parse ] --END-- [ RunTime:0.045533s ]
INFO: [ view_filter ] --START--
INFO: ContentReplace Behavior ::run [ RunTime:0.000759s ]
INFO: TokenBuild Behavior ::run [ RunTime:0.000571s ]
INFO: WriteHtmlCache Behavior ::run [ RunTime:0.000513s ]
INFO: ShowRuntime Behavior ::run [ RunTime:0.000636s ]
INFO: [ view_filter ] --END-- [ RunTime:0.002641s ]
INFO: [ view_end ] --START--
INFO: ShowPageTrace Behavior ::run [ RunTime:0.001017s ]
INFO: [ view_end ] --END-- [ RunTime:0.001132s ]

